<?xml version="1.0" encoding="UTF-8"?>
<!-- Generated by org.testng.reporters.JUnitReportReporter -->
<testsuite hostname="KOZUBI" failures="0" tests="3" name="alerts.AlertTest" time="2.331" errors="0" timestamp="2021-11-01T11:22:37 CET" skipped="0">
  <testcase classname="alerts.AlertTest" name="testSetInputInAlert" time="0.744"/>
  <system-out/>
  <testcase classname="alerts.AlertTest" name="testAcceptAlert" time="0.840"/>
  <system-out/>
  <testcase classname="alerts.AlertTest" name="testGetTextFromAlert" time="0.747"/>
  <system-out/>
</testsuite> <!-- alerts.AlertTest -->
