<?xml version="1.0" encoding="UTF-8"?>
<!-- Generated by org.testng.reporters.JUnitReportReporter -->
<testsuite hostname="KOZUBI" failures="0" tests="1" name="alerts.ContextMenuTest" time="0.792" errors="0" timestamp="2021-11-01T11:22:37 CET" skipped="0">
  <testcase classname="alerts.ContextMenuTest" name="testContextMenu" time="0.792"/>
  <system-out/>
</testsuite> <!-- alerts.ContextMenuTest -->
